<?xml version="1.0" encoding="UTF-8"?>
<!-- Generated by org.testng.reporters.JUnitReportReporter -->
<testsuite hostname="DESKTOP-5VHFP6V" failures="0" tests="1" name="APITest.APITest.AppTest" time="6.838" errors="0" timestamp="2024-10-18T10:51:05 EDT" skipped="0">
  <testcase classname="APITest.APITest.AppTest" name="requestBody" time="6.838"/>
  <system-out/>
</testsuite> <!-- APITest.APITest.AppTest -->
